2025-02-25T22:45:22.675+05:30  INFO 11260 --- [employee_payroll_app] [restartedMain] c.e.e.EmployeePayrollAppApplication      : Starting EmployeePayrollAppApplication using Java 23.0.1 with PID 11260 (D:\Data\capgemini training\employee_payroll_app\target\classes started by ayush in D:\Data\capgemini training\employee_payroll_app)
2025-02-25T22:45:22.685+05:30 DEBUG 11260 --- [employee_payroll_app] [restartedMain] c.e.e.EmployeePayrollAppApplication      : Running with Spring Boot v3.4.3, Spring v6.2.3
2025-02-25T22:45:22.688+05:30  INFO 11260 --- [employee_payroll_app] [restartedMain] c.e.e.EmployeePayrollAppApplication      : The following 1 profile is active: "dev"
2025-02-25T22:45:22.913+05:30  INFO 11260 --- [employee_payroll_app] [restartedMain] .e.DevToolsPropertyDefaultsPostProcessor : Devtools property defaults active! Set 'spring.devtools.add-properties' to 'false' to disable
2025-02-25T22:45:22.913+05:30  INFO 11260 --- [employee_payroll_app] [restartedMain] .e.DevToolsPropertyDefaultsPostProcessor : For additional web related logging consider setting the 'logging.level.web' property to 'DEBUG'
2025-02-25T22:45:25.565+05:30  INFO 11260 --- [employee_payroll_app] [restartedMain] .s.d.r.c.RepositoryConfigurationDelegate : Bootstrapping Spring Data JPA repositories in DEFAULT mode.
2025-02-25T22:45:25.655+05:30  INFO 11260 --- [employee_payroll_app] [restartedMain] .s.d.r.c.RepositoryConfigurationDelegate : Finished Spring Data repository scanning in 51 ms. Found 0 JPA repository interfaces.
2025-02-25T22:45:27.770+05:30  INFO 11260 --- [employee_payroll_app] [restartedMain] o.s.b.w.embedded.tomcat.TomcatWebServer  : Tomcat initialized with port 8080 (http)
2025-02-25T22:45:27.837+05:30  INFO 11260 --- [employee_payroll_app] [restartedMain] o.apache.catalina.core.StandardService   : Starting service [Tomcat]
2025-02-25T22:45:27.839+05:30  INFO 11260 --- [employee_payroll_app] [restartedMain] o.apache.catalina.core.StandardEngine    : Starting Servlet engine: [Apache Tomcat/10.1.36]
2025-02-25T22:45:27.984+05:30  INFO 11260 --- [employee_payroll_app] [restartedMain] o.a.c.c.C.[Tomcat].[localhost].[/]       : Initializing Spring embedded WebApplicationContext
2025-02-25T22:45:27.985+05:30  INFO 11260 --- [employee_payroll_app] [restartedMain] w.s.c.ServletWebServerApplicationContext : Root WebApplicationContext: initialization completed in 5069 ms
2025-02-25T22:45:28.425+05:30  INFO 11260 --- [employee_payroll_app] [restartedMain] com.zaxxer.hikari.HikariDataSource       : HikariPool-1 - Starting...
2025-02-25T22:45:28.440+05:30  WARN 11260 --- [employee_payroll_app] [restartedMain] c.zaxxer.hikari.util.DriverDataSource    : Registered driver with driverClassName=com.mysql.jdbc.Driver was not found, trying direct instantiation.
2025-02-25T22:45:29.683+05:30  INFO 11260 --- [employee_payroll_app] [restartedMain] com.zaxxer.hikari.pool.HikariPool        : HikariPool-1 - Added connection com.mysql.cj.jdbc.ConnectionImpl@2cfe2892
2025-02-25T22:45:29.688+05:30  INFO 11260 --- [employee_payroll_app] [restartedMain] com.zaxxer.hikari.HikariDataSource       : HikariPool-1 - Start completed.
2025-02-25T22:45:29.968+05:30  INFO 11260 --- [employee_payroll_app] [restartedMain] o.hibernate.jpa.internal.util.LogHelper  : HHH000204: Processing PersistenceUnitInfo [name: default]
2025-02-25T22:45:30.230+05:30  INFO 11260 --- [employee_payroll_app] [restartedMain] org.hibernate.Version                    : HHH000412: Hibernate ORM core version 6.6.8.Final
2025-02-25T22:45:30.379+05:30  INFO 11260 --- [employee_payroll_app] [restartedMain] o.h.c.internal.RegionFactoryInitiator    : HHH000026: Second-level cache disabled
2025-02-25T22:45:31.505+05:30  INFO 11260 --- [employee_payroll_app] [restartedMain] o.s.o.j.p.SpringPersistenceUnitInfo      : No LoadTimeWeaver setup: ignoring JPA class transformer
2025-02-25T22:45:31.813+05:30  INFO 11260 --- [employee_payroll_app] [restartedMain] org.hibernate.orm.connections.pooling    : HHH10001005: Database info:
	Database JDBC URL [Connecting through datasource 'HikariDataSource (HikariPool-1)']
	Database driver: undefined/unknown
	Database version: 8.4.4
	Autocommit mode: undefined/unknown
	Isolation level: undefined/unknown
	Minimum pool size: undefined/unknown
	Maximum pool size: undefined/unknown
2025-02-25T22:45:34.204+05:30  INFO 11260 --- [employee_payroll_app] [restartedMain] o.h.e.t.j.p.i.JtaPlatformInitiator       : HHH000489: No JTA platform available (set 'hibernate.transaction.jta.platform' to enable JTA platform integration)
2025-02-25T22:45:34.213+05:30  INFO 11260 --- [employee_payroll_app] [restartedMain] j.LocalContainerEntityManagerFactoryBean : Initialized JPA EntityManagerFactory for persistence unit 'default'
2025-02-25T22:45:39.462+05:30  INFO 19736 --- [employee_payroll_app] [restartedMain] c.e.e.EmployeePayrollAppApplication      : Starting EmployeePayrollAppApplication using Java 23.0.1 with PID 19736 (D:\Data\capgemini training\employee_payroll_app\target\classes started by ayush in D:\Data\capgemini training\employee_payroll_app)
2025-02-25T22:45:39.470+05:30 DEBUG 19736 --- [employee_payroll_app] [restartedMain] c.e.e.EmployeePayrollAppApplication      : Running with Spring Boot v3.4.3, Spring v6.2.3
2025-02-25T22:45:39.473+05:30  INFO 19736 --- [employee_payroll_app] [restartedMain] c.e.e.EmployeePayrollAppApplication      : The following 1 profile is active: "prod"
2025-02-25T22:45:39.692+05:30  INFO 19736 --- [employee_payroll_app] [restartedMain] .e.DevToolsPropertyDefaultsPostProcessor : Devtools property defaults active! Set 'spring.devtools.add-properties' to 'false' to disable
2025-02-25T22:45:39.693+05:30  INFO 19736 --- [employee_payroll_app] [restartedMain] .e.DevToolsPropertyDefaultsPostProcessor : For additional web related logging consider setting the 'logging.level.web' property to 'DEBUG'
2025-02-25T22:45:42.326+05:30  INFO 19736 --- [employee_payroll_app] [restartedMain] .s.d.r.c.RepositoryConfigurationDelegate : Bootstrapping Spring Data JPA repositories in DEFAULT mode.
2025-02-25T22:45:42.409+05:30  INFO 19736 --- [employee_payroll_app] [restartedMain] .s.d.r.c.RepositoryConfigurationDelegate : Finished Spring Data repository scanning in 39 ms. Found 0 JPA repository interfaces.
2025-02-25T22:45:44.406+05:30  INFO 19736 --- [employee_payroll_app] [restartedMain] o.s.b.w.embedded.tomcat.TomcatWebServer  : Tomcat initialized with port 8080 (http)
2025-02-25T22:45:44.470+05:30  INFO 19736 --- [employee_payroll_app] [restartedMain] o.apache.catalina.core.StandardService   : Starting service [Tomcat]
2025-02-25T22:45:44.471+05:30  INFO 19736 --- [employee_payroll_app] [restartedMain] o.apache.catalina.core.StandardEngine    : Starting Servlet engine: [Apache Tomcat/10.1.36]
2025-02-25T22:45:44.624+05:30  INFO 19736 --- [employee_payroll_app] [restartedMain] o.a.c.c.C.[Tomcat].[localhost].[/]       : Initializing Spring embedded WebApplicationContext
2025-02-25T22:45:44.626+05:30  INFO 19736 --- [employee_payroll_app] [restartedMain] w.s.c.ServletWebServerApplicationContext : Root WebApplicationContext: initialization completed in 4931 ms
2025-02-25T22:45:45.063+05:30  INFO 19736 --- [employee_payroll_app] [restartedMain] com.zaxxer.hikari.HikariDataSource       : HikariPool-1 - Starting...
2025-02-25T22:45:45.080+05:30  WARN 19736 --- [employee_payroll_app] [restartedMain] c.zaxxer.hikari.util.DriverDataSource    : Registered driver with driverClassName=com.mysql.jdbc.Driver was not found, trying direct instantiation.
2025-02-25T22:45:46.196+05:30  INFO 19736 --- [employee_payroll_app] [restartedMain] com.zaxxer.hikari.pool.HikariPool        : HikariPool-1 - Added connection com.mysql.cj.jdbc.ConnectionImpl@5bfd5165
2025-02-25T22:45:46.201+05:30  INFO 19736 --- [employee_payroll_app] [restartedMain] com.zaxxer.hikari.HikariDataSource       : HikariPool-1 - Start completed.
2025-02-25T22:45:46.468+05:30  INFO 19736 --- [employee_payroll_app] [restartedMain] o.hibernate.jpa.internal.util.LogHelper  : HHH000204: Processing PersistenceUnitInfo [name: default]
2025-02-25T22:45:46.734+05:30  INFO 19736 --- [employee_payroll_app] [restartedMain] org.hibernate.Version                    : HHH000412: Hibernate ORM core version 6.6.8.Final
2025-02-25T22:45:46.886+05:30  INFO 19736 --- [employee_payroll_app] [restartedMain] o.h.c.internal.RegionFactoryInitiator    : HHH000026: Second-level cache disabled
2025-02-25T22:45:47.884+05:30  INFO 19736 --- [employee_payroll_app] [restartedMain] o.s.o.j.p.SpringPersistenceUnitInfo      : No LoadTimeWeaver setup: ignoring JPA class transformer
2025-02-25T22:45:48.226+05:30  INFO 19736 --- [employee_payroll_app] [restartedMain] org.hibernate.orm.connections.pooling    : HHH10001005: Database info:
	Database JDBC URL [Connecting through datasource 'HikariDataSource (HikariPool-1)']
	Database driver: undefined/unknown
	Database version: 8.4.4
	Autocommit mode: undefined/unknown
	Isolation level: undefined/unknown
	Minimum pool size: undefined/unknown
	Maximum pool size: undefined/unknown
2025-02-25T22:45:50.733+05:30  INFO 19736 --- [employee_payroll_app] [restartedMain] o.h.e.t.j.p.i.JtaPlatformInitiator       : HHH000489: No JTA platform available (set 'hibernate.transaction.jta.platform' to enable JTA platform integration)
2025-02-25T22:45:50.741+05:30  INFO 19736 --- [employee_payroll_app] [restartedMain] j.LocalContainerEntityManagerFactoryBean : Initialized JPA EntityManagerFactory for persistence unit 'default'
2025-02-25T22:45:51.007+05:30  WARN 19736 --- [employee_payroll_app] [restartedMain] JpaBaseConfiguration$JpaWebConfiguration : spring.jpa.open-in-view is enabled by default. Therefore, database queries may be performed during view rendering. Explicitly configure spring.jpa.open-in-view to disable this warning
2025-02-25T22:45:52.413+05:30  INFO 19736 --- [employee_payroll_app] [restartedMain] o.s.b.d.a.OptionalLiveReloadServer       : LiveReload server is running on port 35729
2025-02-25T22:45:52.548+05:30  INFO 19736 --- [employee_payroll_app] [restartedMain] o.s.b.w.embedded.tomcat.TomcatWebServer  : Tomcat started on port 8080 (http) with context path '/'
2025-02-25T22:45:52.589+05:30  INFO 19736 --- [employee_payroll_app] [restartedMain] c.e.e.EmployeePayrollAppApplication      : Started EmployeePayrollAppApplication in 14.942 seconds (process running for 16.619)
2025-02-25T22:49:33.325+05:30  INFO 19736 --- [employee_payroll_app] [SpringApplicationShutdownHook] o.s.b.w.e.tomcat.GracefulShutdown        : Commencing graceful shutdown. Waiting for active requests to complete
2025-02-25T22:49:33.356+05:30  INFO 19736 --- [employee_payroll_app] [tomcat-shutdown] o.s.b.w.e.tomcat.GracefulShutdown        : Graceful shutdown complete
2025-02-25T22:49:33.372+05:30  INFO 19736 --- [employee_payroll_app] [SpringApplicationShutdownHook] j.LocalContainerEntityManagerFactoryBean : Closing JPA EntityManagerFactory for persistence unit 'default'
2025-02-25T22:49:33.385+05:30  INFO 19736 --- [employee_payroll_app] [SpringApplicationShutdownHook] com.zaxxer.hikari.HikariDataSource       : HikariPool-1 - Shutdown initiated...
2025-02-25T22:49:33.415+05:30  INFO 19736 --- [employee_payroll_app] [SpringApplicationShutdownHook] com.zaxxer.hikari.HikariDataSource       : HikariPool-1 - Shutdown completed.
2025-02-25T22:49:38.933+05:30  INFO 14632 --- [employee_payroll_app] [restartedMain] c.e.e.EmployeePayrollAppApplication      : Starting EmployeePayrollAppApplication using Java 23.0.1 with PID 14632 (D:\Data\capgemini training\employee_payroll_app\target\classes started by ayush in D:\Data\capgemini training\employee_payroll_app)
2025-02-25T22:49:38.939+05:30 DEBUG 14632 --- [employee_payroll_app] [restartedMain] c.e.e.EmployeePayrollAppApplication      : Running with Spring Boot v3.4.3, Spring v6.2.3
2025-02-25T22:49:38.943+05:30  INFO 14632 --- [employee_payroll_app] [restartedMain] c.e.e.EmployeePayrollAppApplication      : The following 1 profile is active: "dev"
2025-02-25T22:49:39.173+05:30  INFO 14632 --- [employee_payroll_app] [restartedMain] .e.DevToolsPropertyDefaultsPostProcessor : Devtools property defaults active! Set 'spring.devtools.add-properties' to 'false' to disable
2025-02-25T22:49:39.174+05:30  INFO 14632 --- [employee_payroll_app] [restartedMain] .e.DevToolsPropertyDefaultsPostProcessor : For additional web related logging consider setting the 'logging.level.web' property to 'DEBUG'
2025-02-25T22:49:41.747+05:30  INFO 14632 --- [employee_payroll_app] [restartedMain] .s.d.r.c.RepositoryConfigurationDelegate : Bootstrapping Spring Data JPA repositories in DEFAULT mode.
2025-02-25T22:49:41.825+05:30  INFO 14632 --- [employee_payroll_app] [restartedMain] .s.d.r.c.RepositoryConfigurationDelegate : Finished Spring Data repository scanning in 44 ms. Found 0 JPA repository interfaces.
2025-02-25T22:49:43.834+05:30  INFO 14632 --- [employee_payroll_app] [restartedMain] o.s.b.w.embedded.tomcat.TomcatWebServer  : Tomcat initialized with port 8080 (http)
2025-02-25T22:49:43.898+05:30  INFO 14632 --- [employee_payroll_app] [restartedMain] o.apache.catalina.core.StandardService   : Starting service [Tomcat]
2025-02-25T22:49:43.899+05:30  INFO 14632 --- [employee_payroll_app] [restartedMain] o.apache.catalina.core.StandardEngine    : Starting Servlet engine: [Apache Tomcat/10.1.36]
2025-02-25T22:49:44.038+05:30  INFO 14632 --- [employee_payroll_app] [restartedMain] o.a.c.c.C.[Tomcat].[localhost].[/]       : Initializing Spring embedded WebApplicationContext
2025-02-25T22:49:44.039+05:30  INFO 14632 --- [employee_payroll_app] [restartedMain] w.s.c.ServletWebServerApplicationContext : Root WebApplicationContext: initialization completed in 4864 ms
2025-02-25T22:49:44.437+05:30  INFO 14632 --- [employee_payroll_app] [restartedMain] com.zaxxer.hikari.HikariDataSource       : HikariPool-1 - Starting...
2025-02-25T22:49:44.456+05:30  WARN 14632 --- [employee_payroll_app] [restartedMain] c.zaxxer.hikari.util.DriverDataSource    : Registered driver with driverClassName=com.mysql.jdbc.Driver was not found, trying direct instantiation.
2025-02-25T22:49:45.640+05:30  INFO 14632 --- [employee_payroll_app] [restartedMain] com.zaxxer.hikari.pool.HikariPool        : HikariPool-1 - Added connection com.mysql.cj.jdbc.ConnectionImpl@4baa0ac0
2025-02-25T22:49:45.646+05:30  INFO 14632 --- [employee_payroll_app] [restartedMain] com.zaxxer.hikari.HikariDataSource       : HikariPool-1 - Start completed.
2025-02-25T22:49:45.943+05:30  INFO 14632 --- [employee_payroll_app] [restartedMain] o.hibernate.jpa.internal.util.LogHelper  : HHH000204: Processing PersistenceUnitInfo [name: default]
2025-02-25T22:49:46.196+05:30  INFO 14632 --- [employee_payroll_app] [restartedMain] org.hibernate.Version                    : HHH000412: Hibernate ORM core version 6.6.8.Final
2025-02-25T22:49:46.348+05:30  INFO 14632 --- [employee_payroll_app] [restartedMain] o.h.c.internal.RegionFactoryInitiator    : HHH000026: Second-level cache disabled
2025-02-25T22:49:47.491+05:30  INFO 14632 --- [employee_payroll_app] [restartedMain] o.s.o.j.p.SpringPersistenceUnitInfo      : No LoadTimeWeaver setup: ignoring JPA class transformer
2025-02-25T22:49:47.865+05:30  INFO 14632 --- [employee_payroll_app] [restartedMain] org.hibernate.orm.connections.pooling    : HHH10001005: Database info:
	Database JDBC URL [Connecting through datasource 'HikariDataSource (HikariPool-1)']
	Database driver: undefined/unknown
	Database version: 8.4.4
	Autocommit mode: undefined/unknown
	Isolation level: undefined/unknown
	Minimum pool size: undefined/unknown
	Maximum pool size: undefined/unknown
2025-02-25T22:49:50.086+05:30  INFO 14632 --- [employee_payroll_app] [restartedMain] o.h.e.t.j.p.i.JtaPlatformInitiator       : HHH000489: No JTA platform available (set 'hibernate.transaction.jta.platform' to enable JTA platform integration)
2025-02-25T22:49:50.094+05:30  INFO 14632 --- [employee_payroll_app] [restartedMain] j.LocalContainerEntityManagerFactoryBean : Initialized JPA EntityManagerFactory for persistence unit 'default'
2025-02-25T22:49:50.326+05:30  WARN 14632 --- [employee_payroll_app] [restartedMain] JpaBaseConfiguration$JpaWebConfiguration : spring.jpa.open-in-view is enabled by default. Therefore, database queries may be performed during view rendering. Explicitly configure spring.jpa.open-in-view to disable this warning
2025-02-25T22:49:51.598+05:30  INFO 14632 --- [employee_payroll_app] [restartedMain] o.s.b.d.a.OptionalLiveReloadServer       : LiveReload server is running on port 35729
2025-02-25T22:49:51.691+05:30  INFO 14632 --- [employee_payroll_app] [restartedMain] o.s.b.w.embedded.tomcat.TomcatWebServer  : Tomcat started on port 8080 (http) with context path '/'
2025-02-25T22:49:51.719+05:30  INFO 14632 --- [employee_payroll_app] [restartedMain] c.e.e.EmployeePayrollAppApplication      : Started EmployeePayrollAppApplication in 14.587 seconds (process running for 16.31)
2025-02-25T22:50:15.332+05:30  INFO 14632 --- [employee_payroll_app] [SpringApplicationShutdownHook] o.s.b.w.e.tomcat.GracefulShutdown        : Commencing graceful shutdown. Waiting for active requests to complete
2025-02-25T22:50:15.357+05:30  INFO 14632 --- [employee_payroll_app] [tomcat-shutdown] o.s.b.w.e.tomcat.GracefulShutdown        : Graceful shutdown complete
2025-02-25T22:50:15.373+05:30  INFO 14632 --- [employee_payroll_app] [SpringApplicationShutdownHook] j.LocalContainerEntityManagerFactoryBean : Closing JPA EntityManagerFactory for persistence unit 'default'
2025-02-25T22:50:15.385+05:30  INFO 14632 --- [employee_payroll_app] [SpringApplicationShutdownHook] com.zaxxer.hikari.HikariDataSource       : HikariPool-1 - Shutdown initiated...
2025-02-25T22:50:15.414+05:30  INFO 14632 --- [employee_payroll_app] [SpringApplicationShutdownHook] com.zaxxer.hikari.HikariDataSource       : HikariPool-1 - Shutdown completed.
2025-02-25T22:50:21.014+05:30  INFO 13520 --- [employee_payroll_app] [restartedMain] c.e.e.EmployeePayrollAppApplication      : Starting EmployeePayrollAppApplication using Java 23.0.1 with PID 13520 (D:\Data\capgemini training\employee_payroll_app\target\classes started by ayush in D:\Data\capgemini training\employee_payroll_app)
2025-02-25T22:50:21.024+05:30 DEBUG 13520 --- [employee_payroll_app] [restartedMain] c.e.e.EmployeePayrollAppApplication      : Running with Spring Boot v3.4.3, Spring v6.2.3
2025-02-25T22:50:21.027+05:30  INFO 13520 --- [employee_payroll_app] [restartedMain] c.e.e.EmployeePayrollAppApplication      : The following 1 profile is active: "prod"
2025-02-25T22:50:21.239+05:30  INFO 13520 --- [employee_payroll_app] [restartedMain] .e.DevToolsPropertyDefaultsPostProcessor : Devtools property defaults active! Set 'spring.devtools.add-properties' to 'false' to disable
2025-02-25T22:50:21.240+05:30  INFO 13520 --- [employee_payroll_app] [restartedMain] .e.DevToolsPropertyDefaultsPostProcessor : For additional web related logging consider setting the 'logging.level.web' property to 'DEBUG'
2025-02-25T22:50:23.764+05:30  INFO 13520 --- [employee_payroll_app] [restartedMain] .s.d.r.c.RepositoryConfigurationDelegate : Bootstrapping Spring Data JPA repositories in DEFAULT mode.
2025-02-25T22:50:23.854+05:30  INFO 13520 --- [employee_payroll_app] [restartedMain] .s.d.r.c.RepositoryConfigurationDelegate : Finished Spring Data repository scanning in 55 ms. Found 0 JPA repository interfaces.
2025-02-25T22:50:26.110+05:30  INFO 13520 --- [employee_payroll_app] [restartedMain] o.s.b.w.embedded.tomcat.TomcatWebServer  : Tomcat initialized with port 8080 (http)
2025-02-25T22:50:26.177+05:30  INFO 13520 --- [employee_payroll_app] [restartedMain] o.apache.catalina.core.StandardService   : Starting service [Tomcat]
2025-02-25T22:50:26.179+05:30  INFO 13520 --- [employee_payroll_app] [restartedMain] o.apache.catalina.core.StandardEngine    : Starting Servlet engine: [Apache Tomcat/10.1.36]
2025-02-25T22:50:26.320+05:30  INFO 13520 --- [employee_payroll_app] [restartedMain] o.a.c.c.C.[Tomcat].[localhost].[/]       : Initializing Spring embedded WebApplicationContext
2025-02-25T22:50:26.322+05:30  INFO 13520 --- [employee_payroll_app] [restartedMain] w.s.c.ServletWebServerApplicationContext : Root WebApplicationContext: initialization completed in 5079 ms
2025-02-25T22:50:26.737+05:30  INFO 13520 --- [employee_payroll_app] [restartedMain] com.zaxxer.hikari.HikariDataSource       : HikariPool-1 - Starting...
2025-02-25T22:50:26.752+05:30  WARN 13520 --- [employee_payroll_app] [restartedMain] c.zaxxer.hikari.util.DriverDataSource    : Registered driver with driverClassName=com.mysql.jdbc.Driver was not found, trying direct instantiation.
2025-02-25T22:50:27.999+05:30  INFO 13520 --- [employee_payroll_app] [restartedMain] com.zaxxer.hikari.pool.HikariPool        : HikariPool-1 - Added connection com.mysql.cj.jdbc.ConnectionImpl@145567a3
2025-02-25T22:50:28.005+05:30  INFO 13520 --- [employee_payroll_app] [restartedMain] com.zaxxer.hikari.HikariDataSource       : HikariPool-1 - Start completed.
2025-02-25T22:50:28.322+05:30  INFO 13520 --- [employee_payroll_app] [restartedMain] o.hibernate.jpa.internal.util.LogHelper  : HHH000204: Processing PersistenceUnitInfo [name: default]
2025-02-25T22:50:28.549+05:30  INFO 13520 --- [employee_payroll_app] [restartedMain] org.hibernate.Version                    : HHH000412: Hibernate ORM core version 6.6.8.Final
2025-02-25T22:50:28.742+05:30  INFO 13520 --- [employee_payroll_app] [restartedMain] o.h.c.internal.RegionFactoryInitiator    : HHH000026: Second-level cache disabled
2025-02-25T22:50:29.819+05:30  INFO 13520 --- [employee_payroll_app] [restartedMain] o.s.o.j.p.SpringPersistenceUnitInfo      : No LoadTimeWeaver setup: ignoring JPA class transformer
2025-02-25T22:50:30.156+05:30  INFO 13520 --- [employee_payroll_app] [restartedMain] org.hibernate.orm.connections.pooling    : HHH10001005: Database info:
	Database JDBC URL [Connecting through datasource 'HikariDataSource (HikariPool-1)']
	Database driver: undefined/unknown
	Database version: 8.4.4
	Autocommit mode: undefined/unknown
	Isolation level: undefined/unknown
	Minimum pool size: undefined/unknown
	Maximum pool size: undefined/unknown
2025-02-25T22:50:32.564+05:30  INFO 13520 --- [employee_payroll_app] [restartedMain] o.h.e.t.j.p.i.JtaPlatformInitiator       : HHH000489: No JTA platform available (set 'hibernate.transaction.jta.platform' to enable JTA platform integration)
2025-02-25T22:50:32.572+05:30  INFO 13520 --- [employee_payroll_app] [restartedMain] j.LocalContainerEntityManagerFactoryBean : Initialized JPA EntityManagerFactory for persistence unit 'default'
2025-02-25T22:50:32.850+05:30  WARN 13520 --- [employee_payroll_app] [restartedMain] JpaBaseConfiguration$JpaWebConfiguration : spring.jpa.open-in-view is enabled by default. Therefore, database queries may be performed during view rendering. Explicitly configure spring.jpa.open-in-view to disable this warning
2025-02-25T22:50:34.181+05:30  INFO 13520 --- [employee_payroll_app] [restartedMain] o.s.b.d.a.OptionalLiveReloadServer       : LiveReload server is running on port 35729
2025-02-25T22:50:34.286+05:30  INFO 13520 --- [employee_payroll_app] [restartedMain] o.s.b.w.embedded.tomcat.TomcatWebServer  : Tomcat started on port 8080 (http) with context path '/'
2025-02-25T22:50:34.321+05:30  INFO 13520 --- [employee_payroll_app] [restartedMain] c.e.e.EmployeePayrollAppApplication      : Started EmployeePayrollAppApplication in 15.114 seconds (process running for 16.884)
